TN:
SF:..\01-requestcount.js
FNF:0
FNH:0
DA:1,1
DA:2,1
DA:3,1
DA:4,1
DA:5,1
DA:6,1
DA:7,1
DA:8,12
DA:9,12
DA:10,12
DA:11,12
DA:12,1
DA:13,1
DA:14,1
DA:15,1
DA:16,1
DA:17,1
DA:18,1
DA:19,10
DA:20,1
DA:21,1
DA:22,1
DA:23,0
DA:24,1
DA:25,1
DA:26,1
DA:27,2
DA:28,1
DA:29,1
DA:30,1
LF:30
LH:29
BRDA:7,0,0,12
BRDA:18,1,0,10
BRDA:26,2,0,2
BRF:3
BRH:3
end_of_record
TN:
SF:..\02-ratelimitter.js
FNF:0
FNH:0
DA:1,1
DA:2,1
DA:3,1
DA:4,1
DA:5,1
DA:6,1
DA:7,1
DA:8,1
DA:9,1
DA:10,1
DA:11,1
DA:12,1
DA:13,1
DA:14,1
DA:15,1
DA:16,7
DA:17,1
DA:18,1
DA:19,1
DA:20,13
DA:21,13
DA:22,13
DA:23,2
DA:24,2
DA:25,13
DA:26,8
DA:27,13
DA:28,3
DA:29,3
DA:30,11
DA:31,11
DA:32,1
DA:33,1
DA:34,11
DA:35,1
DA:36,1
DA:37,1
DA:38,0
DA:39,1
DA:40,1
DA:41,1
LF:41
LH:40
BRDA:15,0,0,7
BRDA:19,1,0,13
BRDA:22,2,0,2
BRDA:24,3,0,11
BRDA:25,4,0,8
BRDA:27,5,0,3
BRDA:29,6,0,11
BRDA:33,7,0,11
BRF:8
BRH:8
end_of_record
TN:
SF:..\03-errorcount.js
FNF:0
FNH:0
DA:1,1
DA:2,1
DA:3,1
DA:4,1
DA:5,1
DA:6,1
DA:7,1
DA:8,1
DA:9,1
DA:10,1
DA:11,1
DA:12,1
DA:13,1
DA:14,11
DA:15,0
DA:16,1
DA:17,1
DA:18,1
DA:19,0
DA:20,1
DA:21,1
DA:22,1
DA:23,2
DA:24,1
DA:25,1
DA:26,1
DA:27,11
DA:28,11
DA:29,11
DA:30,11
DA:31,1
DA:32,1
LF:32
LH:30
BRDA:13,0,0,11
BRDA:14,1,0,0
BRDA:22,2,0,2
BRDA:26,3,0,11
BRF:4
BRH:3
end_of_record
